m:\year2\ci517\cw\xcube\build\mygame.dir\debug\vc142.pdb
m:\year2\ci517\cw\xcube\build\mygame.dir\debug\myenginesystem.obj
m:\year2\ci517\cw\xcube\build\mygame.dir\debug\xcube2d.obj
m:\year2\ci517\cw\xcube\build\mygame.dir\debug\timer.obj
m:\year2\ci517\cw\xcube\build\mygame.dir\debug\resourcemanager.obj
m:\year2\ci517\cw\xcube\build\mygame.dir\debug\physicsengine.obj
m:\year2\ci517\cw\xcube\build\mygame.dir\debug\graphicsengine.obj
m:\year2\ci517\cw\xcube\build\mygame.dir\debug\eventengine.obj
m:\year2\ci517\cw\xcube\build\mygame.dir\debug\audioengine.obj
m:\year2\ci517\cw\xcube\build\mygame.dir\debug\abstractgame.obj
m:\year2\ci517\cw\xcube\build\mygame.dir\debug\mygame.obj
m:\year2\ci517\cw\xcube\build\mygame.dir\debug\main.obj
m:\year2\ci517\cw\xcube\build\cmakefiles\generate.stamp
m:\year2\ci517\cw\xcube\build\mygame.dir\debug\mygame.ilk
m:\year2\ci517\cw\xcube\build\debug\mygame.exe
m:\year2\ci517\cw\xcube\build\debug\mygame.pdb
m:\year2\ci517\cw\xcube\build\mygame.dir\debug\mygame.tlog\cl.command.1.tlog
m:\year2\ci517\cw\xcube\build\mygame.dir\debug\mygame.tlog\cl.read.1.tlog
m:\year2\ci517\cw\xcube\build\mygame.dir\debug\mygame.tlog\cl.write.1.tlog
m:\year2\ci517\cw\xcube\build\mygame.dir\debug\mygame.tlog\custombuild.command.1.tlog
m:\year2\ci517\cw\xcube\build\mygame.dir\debug\mygame.tlog\custombuild.read.1.tlog
m:\year2\ci517\cw\xcube\build\mygame.dir\debug\mygame.tlog\custombuild.write.1.tlog
m:\year2\ci517\cw\xcube\build\mygame.dir\debug\mygame.tlog\link.command.1.tlog
m:\year2\ci517\cw\xcube\build\mygame.dir\debug\mygame.tlog\link.read.1.tlog
m:\year2\ci517\cw\xcube\build\mygame.dir\debug\mygame.tlog\link.write.1.tlog
